<?xml version="1.0" encoding="UTF-8"?>
<!-- Generated by org.testng.reporters.JUnitReportReporter -->
<testsuite skipped="0" hostname="LAPTOP-918IOB19" name="org.test.cherry.DepositeTest" tests="1" failures="0" timestamp="2020-07-23T20:33:25 IST" time="0.016" errors="0">
  <testcase name="checkBrokenImage" time="0.016" classname="org.test.cherry.DepositeTest"/>
  <system-out/>
</testsuite> <!-- org.test.cherry.DepositeTest -->
